[Info] Loading model: zai-org/GLM-4.1V-9B-Thinking
Loading checkpoint shards:   0%|          | 0/4 [00:00<?, ?it/s]Loading checkpoint shards:  25%|██▌       | 1/4 [00:02<00:06,  2.31s/it]Loading checkpoint shards:  50%|█████     | 2/4 [00:04<00:04,  2.30s/it]Loading checkpoint shards:  75%|███████▌  | 3/4 [00:06<00:02,  2.29s/it]Loading checkpoint shards: 100%|██████████| 4/4 [00:08<00:00,  2.17s/it]Loading checkpoint shards: 100%|██████████| 4/4 [00:08<00:00,  2.22s/it]
[Info] Model loaded
[Info] Resuming. Found 1388 existing (id,organ) pairs in output. Scan took 0.06s
[Info] Index: /scratch/xc1490/projects/medvqa_2025/data/medvqa/3vqa/images/slake/grounding_index.json
[Info] Total lines in index: 1388 (scan 0.03s)
[Case xmlab0] organs to process: 1

[Case xmlab0] organs to process: 1

[Case xmlab0] organs to process: 1

[Case xmlab0] organs to process: 1

[Case xmlab1] organs to process: 1

[Case xmlab10] organs to process: 1

[Case xmlab10] organs to process: 1

[Case xmlab10] organs to process: 1

[Case xmlab102] organs to process: 1

[Case xmlab103] organs to process: 1

[Case xmlab104] organs to process: 1

[Case xmlab105] organs to process: 1

[Case xmlab106] organs to process: 1

[Case xmlab108] organs to process: 1

[Case xmlab109] organs to process: 1

[Case xmlab11] organs to process: 1

[Case xmlab11] organs to process: 1

[Case xmlab110] organs to process: 1

[Case xmlab112] organs to process: 1

[Case xmlab113] organs to process: 1

[Case xmlab115] organs to process: 1

[Case xmlab119] organs to process: 1

[Case xmlab120] organs to process: 1

[Case xmlab121] organs to process: 1

[Case xmlab122] organs to process: 1

[Case xmlab123] organs to process: 1

[Case xmlab123] organs to process: 1

[Case xmlab124] organs to process: 1

[Case xmlab125] organs to process: 1

[Case xmlab126] organs to process: 1

[Case xmlab127] organs to process: 1

[Case xmlab128] organs to process: 1

[Case xmlab129] organs to process: 1

[Case xmlab13] organs to process: 1

[Case xmlab13] organs to process: 1

[Case xmlab130] organs to process: 1

[Case xmlab131] organs to process: 1

[Case xmlab132] organs to process: 1

[Case xmlab133] organs to process: 1

[Case xmlab134] organs to process: 1

[Case xmlab135] organs to process: 1

[Case xmlab136] organs to process: 1

[Case xmlab137] organs to process: 1

[Case xmlab137] organs to process: 1

[Case xmlab138] organs to process: 1

[Case xmlab139] organs to process: 1

[Case xmlab14] organs to process: 1

[Case xmlab14] organs to process: 1

[Case xmlab14] organs to process: 1

[Case xmlab140] organs to process: 1

[Case xmlab141] organs to process: 1

[Case xmlab142] organs to process: 1

[Case xmlab143] organs to process: 1

[Case xmlab144] organs to process: 1

[Case xmlab145] organs to process: 1

[Case xmlab146] organs to process: 1

[Case xmlab147] organs to process: 1

[Case xmlab147] organs to process: 1

[Case xmlab148] organs to process: 1

[Case xmlab149] organs to process: 1

[Case xmlab15] organs to process: 1

[Case xmlab15] organs to process: 1

[Case xmlab150] organs to process: 1

[Case xmlab151] organs to process: 1

[Case xmlab152] organs to process: 1

[Case xmlab153] organs to process: 1

[Case xmlab154] organs to process: 1

[Case xmlab155] organs to process: 1

[Case xmlab155] organs to process: 1

[Case xmlab155] organs to process: 1

[Case xmlab156] organs to process: 1

[Case xmlab156] organs to process: 1

[Case xmlab157] organs to process: 1

[Case xmlab158] organs to process: 1

[Case xmlab159] organs to process: 1

[Case xmlab16] organs to process: 1

[Case xmlab16] organs to process: 1

[Case xmlab16] organs to process: 1

[Case xmlab16] organs to process: 1

[Case xmlab160] organs to process: 1

[Case xmlab161] organs to process: 1

[Case xmlab162] organs to process: 1

[Case xmlab163] organs to process: 1

[Case xmlab164] organs to process: 1

[Case xmlab165] organs to process: 1

[Case xmlab166] organs to process: 1

[Case xmlab167] organs to process: 1

[Case xmlab168] organs to process: 1

[Case xmlab169] organs to process: 1

[Case xmlab170] organs to process: 1

[Case xmlab171] organs to process: 1

[Case xmlab172] organs to process: 1

[Case xmlab173] organs to process: 1

[Case xmlab174] organs to process: 1

[Case xmlab175] organs to process: 1

[Case xmlab176] organs to process: 1

[Case xmlab177] organs to process: 1

[Case xmlab178] organs to process: 1

[Case xmlab179] organs to process: 1

[Case xmlab18] organs to process: 1

[Case xmlab18] organs to process: 1

[Case xmlab18] organs to process: 1

[Case xmlab180] organs to process: 1

[Case xmlab181] organs to process: 1

[Case xmlab182] organs to process: 1

[Case xmlab183] organs to process: 1

[Case xmlab184] organs to process: 1

[Case xmlab185] organs to process: 1

[Case xmlab186] organs to process: 1

[Case xmlab187] organs to process: 1

[Case xmlab188] organs to process: 1

[Case xmlab189] organs to process: 1

[Case xmlab19] organs to process: 1

[Case xmlab19] organs to process: 1

[Case xmlab19] organs to process: 1

[Case xmlab190] organs to process: 1

[Case xmlab191] organs to process: 1

[Case xmlab192] organs to process: 1

[Case xmlab193] organs to process: 1

[Case xmlab194] organs to process: 1

[Case xmlab195] organs to process: 1

[Case xmlab196] organs to process: 1

[Case xmlab197] organs to process: 1

[Case xmlab198] organs to process: 1

[Case xmlab199] organs to process: 1

[Case xmlab2] organs to process: 1

[Case xmlab2] organs to process: 1

[Case xmlab2] organs to process: 1

[Case xmlab2] organs to process: 1

[Case xmlab20] organs to process: 1

[Case xmlab20] organs to process: 1

[Case xmlab200] organs to process: 1

[Case xmlab201] organs to process: 1

[Case xmlab201] organs to process: 1

[Case xmlab202] organs to process: 1

[Case xmlab202] organs to process: 1

[Case xmlab203] organs to process: 1

[Case xmlab204] organs to process: 1

[Case xmlab204] organs to process: 1

[Case xmlab207] organs to process: 1

[Case xmlab208] organs to process: 1

[Case xmlab209] organs to process: 1

[Case xmlab21] organs to process: 1

[Case xmlab21] organs to process: 1

[Case xmlab21] organs to process: 1

[Case xmlab21] organs to process: 1

[Case xmlab210] organs to process: 1

[Case xmlab210] organs to process: 1

[Case xmlab211] organs to process: 1

[Case xmlab211] organs to process: 1

[Case xmlab212] organs to process: 1

[Case xmlab212] organs to process: 1

[Case xmlab214] organs to process: 1

[Case xmlab215] organs to process: 1

[Case xmlab216] organs to process: 1

[Case xmlab217] organs to process: 1

[Case xmlab218] organs to process: 1

[Case xmlab218] organs to process: 1

[Case xmlab219] organs to process: 1

[Case xmlab219] organs to process: 1

[Case xmlab22] organs to process: 1

[Case xmlab22] organs to process: 1

[Case xmlab221] organs to process: 1

[Case xmlab222] organs to process: 1

[Case xmlab223] organs to process: 1

[Case xmlab224] organs to process: 1

[Case xmlab225] organs to process: 1

[Case xmlab226] organs to process: 1

[Case xmlab227] organs to process: 1

[Case xmlab228] organs to process: 1

[Case xmlab229] organs to process: 1

[Case xmlab229] organs to process: 1

[Case xmlab23] organs to process: 1

[Case xmlab23] organs to process: 1

[Case xmlab23] organs to process: 1

[Case xmlab23] organs to process: 1

[Case xmlab230] organs to process: 1

[Case xmlab230] organs to process: 1

[Case xmlab233] organs to process: 1

[Case xmlab233] organs to process: 1

[Case xmlab234] organs to process: 1

[Case xmlab234] organs to process: 1

[Case xmlab235] organs to process: 1

[Case xmlab235] organs to process: 1

[Case xmlab236] organs to process: 1

[Case xmlab236] organs to process: 1

[Case xmlab237] organs to process: 1

[Case xmlab237] organs to process: 1

[Case xmlab238] organs to process: 1

[Case xmlab24] organs to process: 1

[Case xmlab24] organs to process: 1

[Case xmlab241] organs to process: 1

[Case xmlab242] organs to process: 1

[Case xmlab243] organs to process: 1

[Case xmlab244] organs to process: 1

[Case xmlab246] organs to process: 1

[Case xmlab246] organs to process: 1

[Case xmlab248] organs to process: 1

[Case xmlab248] organs to process: 1

[Case xmlab249] organs to process: 1

[Case xmlab250] organs to process: 1

[Case xmlab250] organs to process: 1

[Case xmlab251] organs to process: 1

[Case xmlab251] organs to process: 1

[Case xmlab252] organs to process: 1

[Case xmlab252] organs to process: 1

[Case xmlab253] organs to process: 1

[Case xmlab254] organs to process: 1

[Case xmlab258] organs to process: 1

[Case xmlab259] organs to process: 1

[Case xmlab26] organs to process: 1

[Case xmlab26] organs to process: 1

[Case xmlab260] organs to process: 1

[Case xmlab260] organs to process: 1

[Case xmlab261] organs to process: 1

[Case xmlab261] organs to process: 1

[Case xmlab262] organs to process: 1

[Case xmlab262] organs to process: 1

[Case xmlab263] organs to process: 1

[Case xmlab267] organs to process: 1

[Case xmlab268] organs to process: 1

[Case xmlab268] organs to process: 1

[Case xmlab269] organs to process: 1

[Case xmlab27] organs to process: 1

[Case xmlab270] organs to process: 1

[Case xmlab270] organs to process: 1

[Case xmlab271] organs to process: 1

[Case xmlab271] organs to process: 1

[Case xmlab273] organs to process: 1

[Case xmlab274] organs to process: 1

[Case xmlab275] organs to process: 1

[Case xmlab275] organs to process: 1

[Case xmlab276] organs to process: 1

[Case xmlab277] organs to process: 1

[Case xmlab278] organs to process: 1

[Case xmlab279] organs to process: 1

[Case xmlab28] organs to process: 1

[Case xmlab28] organs to process: 1

[Case xmlab28] organs to process: 1

[Case xmlab280] organs to process: 1

[Case xmlab283] organs to process: 1

[Case xmlab284] organs to process: 1

[Case xmlab284] organs to process: 1

[Case xmlab285] organs to process: 1

[Case xmlab286] organs to process: 1

[Case xmlab286] organs to process: 1

[Case xmlab288] organs to process: 1

[Case xmlab289] organs to process: 1

[Case xmlab289] organs to process: 1

[Case xmlab29] organs to process: 1

[Case xmlab29] organs to process: 1

[Case xmlab290] organs to process: 1

[Case xmlab293] organs to process: 1

[Case xmlab295] organs to process: 1

[Case xmlab296] organs to process: 1

[Case xmlab297] organs to process: 1

[Case xmlab298] organs to process: 1

[Case xmlab298] organs to process: 1

[Case xmlab299] organs to process: 1

[Case xmlab30] organs to process: 1

[Case xmlab300] organs to process: 1

[Case xmlab301] organs to process: 1

[Case xmlab302] organs to process: 1

[Case xmlab303] organs to process: 1

[Case xmlab303] organs to process: 1

[Case xmlab304] organs to process: 1

[Case xmlab305] organs to process: 1

[Case xmlab306] organs to process: 1

[Case xmlab307] organs to process: 1

[Case xmlab308] organs to process: 1

[Case xmlab309] organs to process: 1

[Case xmlab309] organs to process: 1

[Case xmlab31] organs to process: 1

[Case xmlab31] organs to process: 1

[Case xmlab310] organs to process: 1

[Case xmlab311] organs to process: 1

[Case xmlab312] organs to process: 1

[Case xmlab313] organs to process: 1

[Case xmlab314] organs to process: 1

[Case xmlab315] organs to process: 1

[Case xmlab316] organs to process: 1

[Case xmlab317] organs to process: 1

[Case xmlab318] organs to process: 1

[Case xmlab319] organs to process: 1

[Case xmlab32] organs to process: 1

[Case xmlab32] organs to process: 1

[Case xmlab32] organs to process: 1

[Case xmlab320] organs to process: 1

[Case xmlab321] organs to process: 1

[Case xmlab322] organs to process: 1

[Case xmlab323] organs to process: 1

[Case xmlab324] organs to process: 1

[Case xmlab325] organs to process: 1

[Case xmlab326] organs to process: 1

[Case xmlab327] organs to process: 1

[Case xmlab328] organs to process: 1

[Case xmlab329] organs to process: 1

[Case xmlab33] organs to process: 1

[Case xmlab33] organs to process: 1

[Case xmlab33] organs to process: 1

[Case xmlab330] organs to process: 1

[Case xmlab331] organs to process: 1

[Case xmlab332] organs to process: 1

[Case xmlab333] organs to process: 1

[Case xmlab333] organs to process: 1

[Case xmlab334] organs to process: 1

[Case xmlab334] organs to process: 1

[Case xmlab335] organs to process: 1

[Case xmlab336] organs to process: 1

[Case xmlab337] organs to process: 1

[Case xmlab338] organs to process: 1

[Case xmlab339] organs to process: 1

[Case xmlab340] organs to process: 1

[Case xmlab341] organs to process: 1

[Case xmlab342] organs to process: 1

[Case xmlab343] organs to process: 1

[Case xmlab344] organs to process: 1

[Case xmlab345] organs to process: 1

[Case xmlab346] organs to process: 1

[Case xmlab347] organs to process: 1

[Case xmlab348] organs to process: 1

[Case xmlab349] organs to process: 1

[Case xmlab35] organs to process: 1

[Case xmlab35] organs to process: 1

[Case xmlab350] organs to process: 1

[Case xmlab351] organs to process: 1

[Case xmlab352] organs to process: 1

[Case xmlab352] organs to process: 1

[Case xmlab353] organs to process: 1

[Case xmlab354] organs to process: 1

[Case xmlab355] organs to process: 1

[Case xmlab356] organs to process: 1

[Case xmlab357] organs to process: 1

[Case xmlab358] organs to process: 1

[Case xmlab359] organs to process: 1

[Case xmlab36] organs to process: 1

[Case xmlab36] organs to process: 1

[Case xmlab36] organs to process: 1

[Case xmlab360] organs to process: 1

[Case xmlab361] organs to process: 1

[Case xmlab362] organs to process: 1

[Case xmlab363] organs to process: 1

[Case xmlab364] organs to process: 1

[Case xmlab365] organs to process: 1

[Case xmlab366] organs to process: 1

[Case xmlab367] organs to process: 1

[Case xmlab368] organs to process: 1

[Case xmlab369] organs to process: 1

[Case xmlab37] organs to process: 1

[Case xmlab37] organs to process: 1

[Case xmlab370] organs to process: 1

[Case xmlab371] organs to process: 1

[Case xmlab372] organs to process: 1

[Case xmlab373] organs to process: 1

[Case xmlab374] organs to process: 1

[Case xmlab375] organs to process: 1

[Case xmlab376] organs to process: 1

[Case xmlab377] organs to process: 1

[Case xmlab378] organs to process: 1

[Case xmlab379] organs to process: 1

[Case xmlab38] organs to process: 1

[Case xmlab38] organs to process: 1

[Case xmlab38] organs to process: 1

[Case xmlab380] organs to process: 1

[Case xmlab381] organs to process: 1

[Case xmlab382] organs to process: 1

[Case xmlab383] organs to process: 1

[Case xmlab384] organs to process: 1

[Case xmlab385] organs to process: 1

[Case xmlab386] organs to process: 1

[Case xmlab387] organs to process: 1

[Case xmlab388] organs to process: 1

[Case xmlab388] organs to process: 1

[Case xmlab389] organs to process: 1

[Case xmlab39] organs to process: 1

[Case xmlab390] organs to process: 1

[Case xmlab391] organs to process: 1

[Case xmlab392] organs to process: 1

[Case xmlab393] organs to process: 1

[Case xmlab394] organs to process: 1

[Case xmlab394] organs to process: 1

[Case xmlab394] organs to process: 1

[Case xmlab394] organs to process: 1

[Case xmlab395] organs to process: 1

[Case xmlab395] organs to process: 1

[Case xmlab395] organs to process: 1

[Case xmlab395] organs to process: 1

[Case xmlab396] organs to process: 1

[Case xmlab396] organs to process: 1

[Case xmlab396] organs to process: 1

[Case xmlab396] organs to process: 1

[Case xmlab396] organs to process: 1

[Case xmlab397] organs to process: 1

[Case xmlab397] organs to process: 1

[Case xmlab397] organs to process: 1

[Case xmlab397] organs to process: 1

[Case xmlab397] organs to process: 1

[Case xmlab398] organs to process: 1

[Case xmlab398] organs to process: 1

[Case xmlab398] organs to process: 1

[Case xmlab399] organs to process: 1

[Case xmlab399] organs to process: 1

[Case xmlab399] organs to process: 1

[Case xmlab4] organs to process: 1

[Case xmlab40] organs to process: 1

[Case xmlab40] organs to process: 1

[Case xmlab40] organs to process: 1

[Case xmlab400] organs to process: 1

[Case xmlab400] organs to process: 1

[Case xmlab400] organs to process: 1

[Case xmlab401] organs to process: 1

[Case xmlab401] organs to process: 1

[Case xmlab401] organs to process: 1

[Case xmlab402] organs to process: 1

[Case xmlab402] organs to process: 1

[Case xmlab402] organs to process: 1

[Case xmlab402] organs to process: 1

[Case xmlab402] organs to process: 1

[Case xmlab403] organs to process: 1

[Case xmlab403] organs to process: 1

[Case xmlab403] organs to process: 1

[Case xmlab403] organs to process: 1

[Case xmlab404] organs to process: 1

[Case xmlab404] organs to process: 1

[Case xmlab404] organs to process: 1

[Case xmlab404] organs to process: 1

[Case xmlab405] organs to process: 1

[Case xmlab405] organs to process: 1

[Case xmlab405] organs to process: 1

[Case xmlab405] organs to process: 1

[Case xmlab405] organs to process: 1

[Case xmlab406] organs to process: 1

[Case xmlab406] organs to process: 1

[Case xmlab406] organs to process: 1

[Case xmlab406] organs to process: 1

[Case xmlab406] organs to process: 1

[Case xmlab407] organs to process: 1

[Case xmlab407] organs to process: 1

[Case xmlab407] organs to process: 1

[Case xmlab407] organs to process: 1

[Case xmlab407] organs to process: 1

[Case xmlab407] organs to process: 1

[Case xmlab408] organs to process: 1

[Case xmlab408] organs to process: 1

[Case xmlab408] organs to process: 1

[Case xmlab408] organs to process: 1

[Case xmlab408] organs to process: 1

[Case xmlab408] organs to process: 1

[Case xmlab409] organs to process: 1

[Case xmlab409] organs to process: 1

[Case xmlab409] organs to process: 1

[Case xmlab409] organs to process: 1

[Case xmlab409] organs to process: 1

[Case xmlab409] organs to process: 1

[Case xmlab41] organs to process: 1

[Case xmlab41] organs to process: 1

[Case xmlab41] organs to process: 1

[Case xmlab410] organs to process: 1

[Case xmlab410] organs to process: 1

[Case xmlab411] organs to process: 1

[Case xmlab411] organs to process: 1

[Case xmlab411] organs to process: 1

[Case xmlab411] organs to process: 1

[Case xmlab411] organs to process: 1

[Case xmlab411] organs to process: 1

[Case xmlab412] organs to process: 1

[Case xmlab412] organs to process: 1

[Case xmlab412] organs to process: 1

[Case xmlab412] organs to process: 1

[Case xmlab412] organs to process: 1

[Case xmlab412] organs to process: 1

[Case xmlab413] organs to process: 1

[Case xmlab413] organs to process: 1

[Case xmlab413] organs to process: 1

[Case xmlab413] organs to process: 1

[Case xmlab413] organs to process: 1

[Case xmlab413] organs to process: 1

[Case xmlab414] organs to process: 1

[Case xmlab414] organs to process: 1

[Case xmlab414] organs to process: 1

[Case xmlab414] organs to process: 1

[Case xmlab414] organs to process: 1

[Case xmlab415] organs to process: 1

[Case xmlab415] organs to process: 1

[Case xmlab415] organs to process: 1

[Case xmlab415] organs to process: 1

[Case xmlab415] organs to process: 1

[Case xmlab416] organs to process: 1

[Case xmlab416] organs to process: 1

[Case xmlab416] organs to process: 1

[Case xmlab416] organs to process: 1

[Case xmlab416] organs to process: 1

[Case xmlab417] organs to process: 1

[Case xmlab417] organs to process: 1

[Case xmlab417] organs to process: 1

[Case xmlab418] organs to process: 1

[Case xmlab418] organs to process: 1

[Case xmlab418] organs to process: 1

[Case xmlab419] organs to process: 1

[Case xmlab419] organs to process: 1

[Case xmlab419] organs to process: 1

[Case xmlab419] organs to process: 1

[Case xmlab42] organs to process: 1

[Case xmlab42] organs to process: 1

[Case xmlab42] organs to process: 1

[Case xmlab420] organs to process: 1

[Case xmlab420] organs to process: 1

[Case xmlab421] organs to process: 1

[Case xmlab421] organs to process: 1

[Case xmlab422] organs to process: 1

[Case xmlab422] organs to process: 1

[Case xmlab423] organs to process: 1

[Case xmlab423] organs to process: 1

[Case xmlab424] organs to process: 1

[Case xmlab424] organs to process: 1

[Case xmlab425] organs to process: 1

[Case xmlab425] organs to process: 1

[Case xmlab426] organs to process: 1

[Case xmlab426] organs to process: 1

[Case xmlab427] organs to process: 1

[Case xmlab427] organs to process: 1

[Case xmlab428] organs to process: 1

[Case xmlab428] organs to process: 1

[Case xmlab428] organs to process: 1

[Case xmlab429] organs to process: 1

[Case xmlab429] organs to process: 1

[Case xmlab429] organs to process: 1

[Case xmlab43] organs to process: 1

[Case xmlab430] organs to process: 1

[Case xmlab430] organs to process: 1

[Case xmlab430] organs to process: 1

[Case xmlab431] organs to process: 1

[Case xmlab431] organs to process: 1

[Case xmlab431] organs to process: 1

[Case xmlab432] organs to process: 1

[Case xmlab432] organs to process: 1

[Case xmlab432] organs to process: 1

[Case xmlab433] organs to process: 1

[Case xmlab433] organs to process: 1

[Case xmlab433] organs to process: 1

[Case xmlab434] organs to process: 1

[Case xmlab434] organs to process: 1

[Case xmlab434] organs to process: 1

[Case xmlab435] organs to process: 1

[Case xmlab436] organs to process: 1

[Case xmlab436] organs to process: 1

[Case xmlab437] organs to process: 1

[Case xmlab437] organs to process: 1

[Case xmlab438] organs to process: 1

[Case xmlab438] organs to process: 1

[Case xmlab439] organs to process: 1

[Case xmlab44] organs to process: 1

[Case xmlab440] organs to process: 1

[Case xmlab440] organs to process: 1

[Case xmlab441] organs to process: 1

[Case xmlab441] organs to process: 1

[Case xmlab441] organs to process: 1

[Case xmlab442] organs to process: 1

[Case xmlab442] organs to process: 1

[Case xmlab442] organs to process: 1

[Case xmlab443] organs to process: 1

[Case xmlab443] organs to process: 1

[Case xmlab443] organs to process: 1

[Case xmlab444] organs to process: 1

[Case xmlab444] organs to process: 1

[Case xmlab444] organs to process: 1

[Case xmlab445] organs to process: 1

[Case xmlab445] organs to process: 1

[Case xmlab446] organs to process: 1

[Case xmlab447] organs to process: 1

[Case xmlab447] organs to process: 1

[Case xmlab447] organs to process: 1

[Case xmlab448] organs to process: 1

[Case xmlab449] organs to process: 1

[Case xmlab449] organs to process: 1

[Case xmlab450] organs to process: 1

[Case xmlab451] organs to process: 1

[Case xmlab451] organs to process: 1

[Case xmlab451] organs to process: 1

[Case xmlab452] organs to process: 1

[Case xmlab452] organs to process: 1

[Case xmlab453] organs to process: 1

[Case xmlab454] organs to process: 1

[Case xmlab455] organs to process: 1

[Case xmlab455] organs to process: 1

[Case xmlab455] organs to process: 1

[Case xmlab456] organs to process: 1

[Case xmlab456] organs to process: 1

[Case xmlab456] organs to process: 1

[Case xmlab457] organs to process: 1

[Case xmlab458] organs to process: 1

[Case xmlab458] organs to process: 1

[Case xmlab458] organs to process: 1

[Case xmlab459] organs to process: 1

[Case xmlab459] organs to process: 1

[Case xmlab459] organs to process: 1

[Case xmlab46] organs to process: 1

[Case xmlab46] organs to process: 1

[Case xmlab46] organs to process: 1

[Case xmlab460] organs to process: 1

[Case xmlab460] organs to process: 1

[Case xmlab460] organs to process: 1

[Case xmlab461] organs to process: 1

[Case xmlab461] organs to process: 1

[Case xmlab461] organs to process: 1

[Case xmlab462] organs to process: 1

[Case xmlab462] organs to process: 1

[Case xmlab462] organs to process: 1

[Case xmlab463] organs to process: 1

[Case xmlab463] organs to process: 1

[Case xmlab463] organs to process: 1

[Case xmlab464] organs to process: 1

[Case xmlab464] organs to process: 1

[Case xmlab464] organs to process: 1

[Case xmlab465] organs to process: 1

[Case xmlab465] organs to process: 1

[Case xmlab465] organs to process: 1

[Case xmlab466] organs to process: 1

[Case xmlab466] organs to process: 1

[Case xmlab467] organs to process: 1

[Case xmlab468] organs to process: 1

[Case xmlab469] organs to process: 1

[Case xmlab47] organs to process: 1

[Case xmlab47] organs to process: 1

[Case xmlab47] organs to process: 1

[Case xmlab470] organs to process: 1

[Case xmlab470] organs to process: 1

[Case xmlab471] organs to process: 1

[Case xmlab471] organs to process: 1

[Case xmlab472] organs to process: 1

[Case xmlab472] organs to process: 1

[Case xmlab473] organs to process: 1

[Case xmlab473] organs to process: 1

[Case xmlab474] organs to process: 1

[Case xmlab474] organs to process: 1

[Case xmlab475] organs to process: 1

[Case xmlab475] organs to process: 1

[Case xmlab476] organs to process: 1

[Case xmlab476] organs to process: 1

[Case xmlab477] organs to process: 1

[Case xmlab477] organs to process: 1

[Case xmlab477] organs to process: 1

[Case xmlab478] organs to process: 1

[Case xmlab478] organs to process: 1

[Case xmlab478] organs to process: 1

[Case xmlab479] organs to process: 1

[Case xmlab479] organs to process: 1

[Case xmlab479] organs to process: 1

[Case xmlab48] organs to process: 1

[Case xmlab48] organs to process: 1

[Case xmlab480] organs to process: 1

[Case xmlab480] organs to process: 1

[Case xmlab480] organs to process: 1

[Case xmlab481] organs to process: 1

[Case xmlab481] organs to process: 1

[Case xmlab482] organs to process: 1

[Case xmlab482] organs to process: 1

[Case xmlab483] organs to process: 1

[Case xmlab483] organs to process: 1

[Case xmlab484] organs to process: 1

[Case xmlab484] organs to process: 1

[Case xmlab484] organs to process: 1

[Case xmlab485] organs to process: 1

[Case xmlab485] organs to process: 1

[Case xmlab485] organs to process: 1

[Case xmlab486] organs to process: 1

[Case xmlab486] organs to process: 1

[Case xmlab486] organs to process: 1

[Case xmlab487] organs to process: 1

[Case xmlab487] organs to process: 1

[Case xmlab487] organs to process: 1

[Case xmlab488] organs to process: 1

[Case xmlab488] organs to process: 1

[Case xmlab488] organs to process: 1

[Case xmlab489] organs to process: 1

[Case xmlab489] organs to process: 1

[Case xmlab49] organs to process: 1

[Case xmlab490] organs to process: 1

[Case xmlab490] organs to process: 1

[Case xmlab490] organs to process: 1

[Case xmlab491] organs to process: 1

[Case xmlab491] organs to process: 1

[Case xmlab491] organs to process: 1

[Case xmlab492] organs to process: 1

[Case xmlab492] organs to process: 1

[Case xmlab492] organs to process: 1

[Case xmlab493] organs to process: 1

[Case xmlab493] organs to process: 1

[Case xmlab493] organs to process: 1

[Case xmlab494] organs to process: 1

[Case xmlab494] organs to process: 1

[Case xmlab494] organs to process: 1

[Case xmlab495] organs to process: 1

[Case xmlab495] organs to process: 1

[Case xmlab498] organs to process: 1

[Case xmlab498] organs to process: 1

[Case xmlab498] organs to process: 1

[Case xmlab499] organs to process: 1

[Case xmlab499] organs to process: 1

[Case xmlab5] organs to process: 1

[Case xmlab5] organs to process: 1

[Case xmlab5] organs to process: 1

[Case xmlab50] organs to process: 1

[Case xmlab50] organs to process: 1

[Case xmlab500] organs to process: 1

[Case xmlab500] organs to process: 1

[Case xmlab500] organs to process: 1

[Case xmlab501] organs to process: 1

[Case xmlab501] organs to process: 1

[Case xmlab501] organs to process: 1

[Case xmlab502] organs to process: 1

[Case xmlab502] organs to process: 1

[Case xmlab502] organs to process: 1

[Case xmlab503] organs to process: 1

[Case xmlab503] organs to process: 1

[Case xmlab503] organs to process: 1

[Case xmlab504] organs to process: 1

[Case xmlab504] organs to process: 1

[Case xmlab504] organs to process: 1

[Case xmlab505] organs to process: 1

[Case xmlab505] organs to process: 1

[Case xmlab505] organs to process: 1

[Case xmlab506] organs to process: 1

[Case xmlab506] organs to process: 1

[Case xmlab506] organs to process: 1

[Case xmlab507] organs to process: 1

[Case xmlab507] organs to process: 1

[Case xmlab507] organs to process: 1

[Case xmlab508] organs to process: 1

[Case xmlab508] organs to process: 1

[Case xmlab508] organs to process: 1

[Case xmlab509] organs to process: 1

[Case xmlab509] organs to process: 1

[Case xmlab509] organs to process: 1

[Case xmlab51] organs to process: 1

[Case xmlab51] organs to process: 1

[Case xmlab51] organs to process: 1

[Case xmlab511] organs to process: 1

[Case xmlab511] organs to process: 1

[Case xmlab511] organs to process: 1

[Case xmlab512] organs to process: 1

[Case xmlab512] organs to process: 1

[Case xmlab512] organs to process: 1

[Case xmlab513] organs to process: 1

[Case xmlab513] organs to process: 1

[Case xmlab514] organs to process: 1

[Case xmlab514] organs to process: 1

[Case xmlab515] organs to process: 1

[Case xmlab515] organs to process: 1

[Case xmlab515] organs to process: 1

[Case xmlab516] organs to process: 1

[Case xmlab516] organs to process: 1

[Case xmlab516] organs to process: 1

[Case xmlab517] organs to process: 1

[Case xmlab517] organs to process: 1

[Case xmlab517] organs to process: 1

[Case xmlab518] organs to process: 1

[Case xmlab518] organs to process: 1

[Case xmlab518] organs to process: 1

[Case xmlab519] organs to process: 1

[Case xmlab519] organs to process: 1

[Case xmlab519] organs to process: 1

[Case xmlab52] organs to process: 1

[Case xmlab520] organs to process: 1

[Case xmlab520] organs to process: 1

[Case xmlab520] organs to process: 1

[Case xmlab521] organs to process: 1

[Case xmlab521] organs to process: 1

[Case xmlab521] organs to process: 1

[Case xmlab522] organs to process: 1

[Case xmlab522] organs to process: 1

[Case xmlab522] organs to process: 1

[Case xmlab523] organs to process: 1

[Case xmlab523] organs to process: 1

[Case xmlab524] organs to process: 1

[Case xmlab525] organs to process: 1

[Case xmlab525] organs to process: 1

[Case xmlab526] organs to process: 1

[Case xmlab526] organs to process: 1

[Case xmlab527] organs to process: 1

[Case xmlab527] organs to process: 1

[Case xmlab528] organs to process: 1

[Case xmlab528] organs to process: 1

[Case xmlab529] organs to process: 1

[Case xmlab529] organs to process: 1

[Case xmlab529] organs to process: 1

[Case xmlab530] organs to process: 1

[Case xmlab530] organs to process: 1

[Case xmlab531] organs to process: 1

[Case xmlab531] organs to process: 1

[Case xmlab531] organs to process: 1

[Case xmlab532] organs to process: 1

[Case xmlab533] organs to process: 1

[Case xmlab534] organs to process: 1

[Case xmlab534] organs to process: 1

[Case xmlab534] organs to process: 1

[Case xmlab535] organs to process: 1

[Case xmlab536] organs to process: 1

[Case xmlab536] organs to process: 1

[Case xmlab536] organs to process: 1

[Case xmlab536] organs to process: 1

[Case xmlab536] organs to process: 1

[Case xmlab536] organs to process: 1

[Case xmlab536] organs to process: 1

[Case xmlab537] organs to process: 1

[Case xmlab537] organs to process: 1

[Case xmlab537] organs to process: 1

[Case xmlab537] organs to process: 1

[Case xmlab537] organs to process: 1

[Case xmlab537] organs to process: 1

[Case xmlab537] organs to process: 1

[Case xmlab538] organs to process: 1

[Case xmlab538] organs to process: 1

[Case xmlab538] organs to process: 1

[Case xmlab538] organs to process: 1

[Case xmlab538] organs to process: 1

[Case xmlab538] organs to process: 1

[Case xmlab538] organs to process: 1

[Case xmlab539] organs to process: 1

[Case xmlab539] organs to process: 1

[Case xmlab539] organs to process: 1

[Case xmlab539] organs to process: 1

[Case xmlab539] organs to process: 1

[Case xmlab539] organs to process: 1

[Case xmlab539] organs to process: 1

[Case xmlab54] organs to process: 1

[Case xmlab54] organs to process: 1

[Case xmlab54] organs to process: 1

[Case xmlab540] organs to process: 1

[Case xmlab540] organs to process: 1

[Case xmlab540] organs to process: 1

[Case xmlab540] organs to process: 1

[Case xmlab540] organs to process: 1

[Case xmlab540] organs to process: 1

[Case xmlab541] organs to process: 1

[Case xmlab541] organs to process: 1

[Case xmlab541] organs to process: 1

[Case xmlab541] organs to process: 1

[Case xmlab541] organs to process: 1

[Case xmlab541] organs to process: 1

[Case xmlab541] organs to process: 1

[Case xmlab542] organs to process: 1

[Case xmlab542] organs to process: 1

[Case xmlab542] organs to process: 1

[Case xmlab542] organs to process: 1

[Case xmlab542] organs to process: 1

[Case xmlab542] organs to process: 1

[Case xmlab542] organs to process: 1

[Case xmlab543] organs to process: 1

[Case xmlab543] organs to process: 1

[Case xmlab543] organs to process: 1

[Case xmlab543] organs to process: 1

[Case xmlab543] organs to process: 1

[Case xmlab543] organs to process: 1

[Case xmlab543] organs to process: 1

[Case xmlab544] organs to process: 1

[Case xmlab544] organs to process: 1

[Case xmlab544] organs to process: 1

[Case xmlab544] organs to process: 1

[Case xmlab544] organs to process: 1

[Case xmlab544] organs to process: 1

[Case xmlab544] organs to process: 1

[Case xmlab545] organs to process: 1

[Case xmlab545] organs to process: 1

[Case xmlab545] organs to process: 1

[Case xmlab545] organs to process: 1

[Case xmlab545] organs to process: 1

[Case xmlab545] organs to process: 1

[Case xmlab545] organs to process: 1

[Case xmlab546] organs to process: 1

[Case xmlab546] organs to process: 1

[Case xmlab546] organs to process: 1

[Case xmlab546] organs to process: 1

[Case xmlab546] organs to process: 1

[Case xmlab546] organs to process: 1

[Case xmlab546] organs to process: 1

[Case xmlab547] organs to process: 1

[Case xmlab547] organs to process: 1

[Case xmlab547] organs to process: 1

[Case xmlab547] organs to process: 1

[Case xmlab547] organs to process: 1

[Case xmlab547] organs to process: 1

[Case xmlab547] organs to process: 1

[Case xmlab547] organs to process: 1

[Case xmlab548] organs to process: 1

[Case xmlab548] organs to process: 1

[Case xmlab548] organs to process: 1

[Case xmlab548] organs to process: 1

[Case xmlab548] organs to process: 1

[Case xmlab548] organs to process: 1

[Case xmlab548] organs to process: 1

[Case xmlab548] organs to process: 1

[Case xmlab549] organs to process: 1

[Case xmlab549] organs to process: 1

[Case xmlab549] organs to process: 1

[Case xmlab549] organs to process: 1

[Case xmlab549] organs to process: 1

[Case xmlab549] organs to process: 1

[Case xmlab549] organs to process: 1

[Case xmlab550] organs to process: 1

[Case xmlab550] organs to process: 1

[Case xmlab550] organs to process: 1

[Case xmlab550] organs to process: 1

[Case xmlab550] organs to process: 1

[Case xmlab550] organs to process: 1

[Case xmlab550] organs to process: 1

[Case xmlab551] organs to process: 1

[Case xmlab551] organs to process: 1

[Case xmlab551] organs to process: 1

[Case xmlab551] organs to process: 1

[Case xmlab551] organs to process: 1

[Case xmlab551] organs to process: 1

[Case xmlab551] organs to process: 1

[Case xmlab552] organs to process: 1

[Case xmlab552] organs to process: 1

[Case xmlab552] organs to process: 1

[Case xmlab552] organs to process: 1

[Case xmlab553] organs to process: 1

[Case xmlab553] organs to process: 1

[Case xmlab553] organs to process: 1

[Case xmlab553] organs to process: 1

[Case xmlab554] organs to process: 1

[Case xmlab554] organs to process: 1

[Case xmlab554] organs to process: 1

[Case xmlab554] organs to process: 1

[Case xmlab555] organs to process: 1

[Case xmlab555] organs to process: 1

[Case xmlab555] organs to process: 1

[Case xmlab555] organs to process: 1

[Case xmlab556] organs to process: 1

[Case xmlab556] organs to process: 1

[Case xmlab556] organs to process: 1

[Case xmlab556] organs to process: 1

[Case xmlab556] organs to process: 1

[Case xmlab556] organs to process: 1

[Case xmlab557] organs to process: 1

[Case xmlab557] organs to process: 1

[Case xmlab557] organs to process: 1

[Case xmlab557] organs to process: 1

[Case xmlab557] organs to process: 1

[Case xmlab557] organs to process: 1

[Case xmlab558] organs to process: 1

[Case xmlab558] organs to process: 1

[Case xmlab558] organs to process: 1

[Case xmlab558] organs to process: 1

[Case xmlab558] organs to process: 1

[Case xmlab558] organs to process: 1

[Case xmlab559] organs to process: 1

[Case xmlab559] organs to process: 1

[Case xmlab559] organs to process: 1

[Case xmlab559] organs to process: 1

[Case xmlab559] organs to process: 1

[Case xmlab559] organs to process: 1

[Case xmlab56] organs to process: 1

[Case xmlab56] organs to process: 1

[Case xmlab56] organs to process: 1

[Case xmlab560] organs to process: 1

[Case xmlab560] organs to process: 1

[Case xmlab560] organs to process: 1

[Case xmlab560] organs to process: 1

[Case xmlab560] organs to process: 1

[Case xmlab560] organs to process: 1

[Case xmlab560] organs to process: 1

[Case xmlab561] organs to process: 1

[Case xmlab561] organs to process: 1

[Case xmlab561] organs to process: 1

[Case xmlab561] organs to process: 1

[Case xmlab561] organs to process: 1

[Case xmlab561] organs to process: 1

[Case xmlab561] organs to process: 1

[Case xmlab562] organs to process: 1

[Case xmlab562] organs to process: 1

[Case xmlab562] organs to process: 1

[Case xmlab562] organs to process: 1

[Case xmlab562] organs to process: 1

[Case xmlab562] organs to process: 1

[Case xmlab562] organs to process: 1

[Case xmlab563] organs to process: 1

[Case xmlab563] organs to process: 1

[Case xmlab563] organs to process: 1

[Case xmlab563] organs to process: 1

[Case xmlab563] organs to process: 1

[Case xmlab563] organs to process: 1

[Case xmlab563] organs to process: 1

[Case xmlab564] organs to process: 1

[Case xmlab564] organs to process: 1

[Case xmlab564] organs to process: 1

[Case xmlab564] organs to process: 1

[Case xmlab564] organs to process: 1

[Case xmlab564] organs to process: 1

[Case xmlab564] organs to process: 1

[Case xmlab565] organs to process: 1

[Case xmlab565] organs to process: 1

[Case xmlab565] organs to process: 1

[Case xmlab565] organs to process: 1

[Case xmlab565] organs to process: 1

[Case xmlab565] organs to process: 1

[Case xmlab565] organs to process: 1

[Case xmlab566] organs to process: 1

[Case xmlab566] organs to process: 1

[Case xmlab566] organs to process: 1

[Case xmlab566] organs to process: 1

[Case xmlab566] organs to process: 1

[Case xmlab566] organs to process: 1

[Case xmlab566] organs to process: 1

[Case xmlab567] organs to process: 1

[Case xmlab567] organs to process: 1

[Case xmlab567] organs to process: 1

[Case xmlab567] organs to process: 1

[Case xmlab567] organs to process: 1

[Case xmlab567] organs to process: 1

[Case xmlab567] organs to process: 1

[Case xmlab568] organs to process: 1

[Case xmlab568] organs to process: 1

[Case xmlab568] organs to process: 1

[Case xmlab568] organs to process: 1

[Case xmlab568] organs to process: 1

[Case xmlab568] organs to process: 1

[Case xmlab568] organs to process: 1

[Case xmlab569] organs to process: 1

[Case xmlab569] organs to process: 1

[Case xmlab569] organs to process: 1

[Case xmlab569] organs to process: 1

[Case xmlab569] organs to process: 1

[Case xmlab569] organs to process: 1

[Case xmlab569] organs to process: 1

[Case xmlab57] organs to process: 1

[Case xmlab57] organs to process: 1

[Case xmlab57] organs to process: 1

[Case xmlab570] organs to process: 1

[Case xmlab570] organs to process: 1

[Case xmlab570] organs to process: 1

[Case xmlab570] organs to process: 1

[Case xmlab570] organs to process: 1

[Case xmlab570] organs to process: 1

[Case xmlab570] organs to process: 1

[Case xmlab571] organs to process: 1

[Case xmlab571] organs to process: 1

[Case xmlab571] organs to process: 1

[Case xmlab571] organs to process: 1

[Case xmlab572] organs to process: 1

[Case xmlab572] organs to process: 1

[Case xmlab572] organs to process: 1

[Case xmlab572] organs to process: 1

[Case xmlab573] organs to process: 1

[Case xmlab573] organs to process: 1

[Case xmlab573] organs to process: 1

[Case xmlab573] organs to process: 1

[Case xmlab574] organs to process: 1

[Case xmlab574] organs to process: 1

[Case xmlab574] organs to process: 1

[Case xmlab574] organs to process: 1

[Case xmlab575] organs to process: 1

[Case xmlab575] organs to process: 1

[Case xmlab575] organs to process: 1

[Case xmlab575] organs to process: 1

[Case xmlab575] organs to process: 1

[Case xmlab575] organs to process: 1

[Case xmlab575] organs to process: 1

[Case xmlab576] organs to process: 1

[Case xmlab576] organs to process: 1

[Case xmlab576] organs to process: 1

[Case xmlab576] organs to process: 1

[Case xmlab576] organs to process: 1

[Case xmlab576] organs to process: 1

[Case xmlab576] organs to process: 1

[Case xmlab577] organs to process: 1

[Case xmlab577] organs to process: 1

[Case xmlab577] organs to process: 1

[Case xmlab577] organs to process: 1

[Case xmlab577] organs to process: 1

[Case xmlab577] organs to process: 1

[Case xmlab577] organs to process: 1

[Case xmlab578] organs to process: 1

[Case xmlab578] organs to process: 1

[Case xmlab578] organs to process: 1

[Case xmlab578] organs to process: 1

[Case xmlab578] organs to process: 1

[Case xmlab578] organs to process: 1

[Case xmlab578] organs to process: 1

[Case xmlab579] organs to process: 1

[Case xmlab579] organs to process: 1

[Case xmlab579] organs to process: 1

[Case xmlab579] organs to process: 1

[Case xmlab579] organs to process: 1

[Case xmlab579] organs to process: 1

[Case xmlab58] organs to process: 1

[Case xmlab58] organs to process: 1

[Case xmlab58] organs to process: 1

[Case xmlab580] organs to process: 1

[Case xmlab580] organs to process: 1

[Case xmlab580] organs to process: 1

[Case xmlab580] organs to process: 1

[Case xmlab580] organs to process: 1

[Case xmlab580] organs to process: 1

[Case xmlab581] organs to process: 1

[Case xmlab581] organs to process: 1

[Case xmlab581] organs to process: 1

[Case xmlab581] organs to process: 1

[Case xmlab581] organs to process: 1

[Case xmlab581] organs to process: 1

[Case xmlab582] organs to process: 1

[Case xmlab582] organs to process: 1

[Case xmlab582] organs to process: 1

[Case xmlab582] organs to process: 1

[Case xmlab582] organs to process: 1

[Case xmlab582] organs to process: 1

[Case xmlab583] organs to process: 1

[Case xmlab583] organs to process: 1

[Case xmlab583] organs to process: 1

[Case xmlab583] organs to process: 1

[Case xmlab583] organs to process: 1

[Case xmlab583] organs to process: 1

[Case xmlab584] organs to process: 1

[Case xmlab584] organs to process: 1

[Case xmlab584] organs to process: 1

[Case xmlab584] organs to process: 1

[Case xmlab584] organs to process: 1

[Case xmlab584] organs to process: 1

[Case xmlab585] organs to process: 1

[Case xmlab585] organs to process: 1

[Case xmlab585] organs to process: 1

[Case xmlab585] organs to process: 1

[Case xmlab585] organs to process: 1

[Case xmlab585] organs to process: 1

[Case xmlab586] organs to process: 1

[Case xmlab586] organs to process: 1

[Case xmlab586] organs to process: 1

[Case xmlab586] organs to process: 1

[Case xmlab586] organs to process: 1

[Case xmlab587] organs to process: 1

[Case xmlab587] organs to process: 1

[Case xmlab587] organs to process: 1

[Case xmlab587] organs to process: 1

[Case xmlab587] organs to process: 1

[Case xmlab588] organs to process: 1

[Case xmlab588] organs to process: 1

[Case xmlab588] organs to process: 1

[Case xmlab588] organs to process: 1

[Case xmlab589] organs to process: 1

[Case xmlab589] organs to process: 1

[Case xmlab589] organs to process: 1

[Case xmlab589] organs to process: 1

[Case xmlab590] organs to process: 1

[Case xmlab590] organs to process: 1

[Case xmlab590] organs to process: 1

[Case xmlab590] organs to process: 1

[Case xmlab591] organs to process: 1

[Case xmlab591] organs to process: 1

[Case xmlab591] organs to process: 1

[Case xmlab591] organs to process: 1

[Case xmlab592] organs to process: 1

[Case xmlab592] organs to process: 1

[Case xmlab592] organs to process: 1

[Case xmlab592] organs to process: 1

[Case xmlab593] organs to process: 1

[Case xmlab593] organs to process: 1

[Case xmlab593] organs to process: 1

[Case xmlab593] organs to process: 1

[Case xmlab594] organs to process: 1

[Case xmlab594] organs to process: 1

[Case xmlab594] organs to process: 1

[Case xmlab594] organs to process: 1

[Case xmlab594] organs to process: 1

[Case xmlab595] organs to process: 1

[Case xmlab595] organs to process: 1

[Case xmlab595] organs to process: 1

[Case xmlab595] organs to process: 1

[Case xmlab595] organs to process: 1

[Case xmlab596] organs to process: 1

[Case xmlab596] organs to process: 1

[Case xmlab596] organs to process: 1

[Case xmlab596] organs to process: 1

[Case xmlab596] organs to process: 1

[Case xmlab597] organs to process: 1

[Case xmlab597] organs to process: 1

[Case xmlab597] organs to process: 1

[Case xmlab597] organs to process: 1

[Case xmlab597] organs to process: 1

[Case xmlab598] organs to process: 1

[Case xmlab598] organs to process: 1

[Case xmlab598] organs to process: 1

[Case xmlab598] organs to process: 1

[Case xmlab598] organs to process: 1

[Case xmlab599] organs to process: 1

[Case xmlab599] organs to process: 1

[Case xmlab599] organs to process: 1

[Case xmlab599] organs to process: 1

[Case xmlab599] organs to process: 1

[Case xmlab6] organs to process: 1

[Case xmlab6] organs to process: 1

[Case xmlab6] organs to process: 1

[Case xmlab60] organs to process: 1

[Case xmlab60] organs to process: 1

[Case xmlab60] organs to process: 1

[Case xmlab600] organs to process: 1

[Case xmlab600] organs to process: 1

[Case xmlab600] organs to process: 1

[Case xmlab600] organs to process: 1

[Case xmlab600] organs to process: 1

[Case xmlab601] organs to process: 1

[Case xmlab602] organs to process: 1

[Case xmlab603] organs to process: 1

[Case xmlab603] organs to process: 1

[Case xmlab604] organs to process: 1

[Case xmlab604] organs to process: 1

[Case xmlab605] organs to process: 1

[Case xmlab605] organs to process: 1

[Case xmlab606] organs to process: 1

[Case xmlab606] organs to process: 1

[Case xmlab606] organs to process: 1

[Case xmlab606] organs to process: 1

[Case xmlab607] organs to process: 1

[Case xmlab607] organs to process: 1

[Case xmlab607] organs to process: 1

[Case xmlab607] organs to process: 1

[Case xmlab608] organs to process: 1

[Case xmlab608] organs to process: 1

[Case xmlab608] organs to process: 1

[Case xmlab608] organs to process: 1

[Case xmlab608] organs to process: 1

[Case xmlab609] organs to process: 1

[Case xmlab609] organs to process: 1

[Case xmlab609] organs to process: 1

[Case xmlab609] organs to process: 1

[Case xmlab609] organs to process: 1

[Case xmlab61] organs to process: 1

[Case xmlab610] organs to process: 1

[Case xmlab610] organs to process: 1

[Case xmlab610] organs to process: 1

[Case xmlab610] organs to process: 1

[Case xmlab610] organs to process: 1

[Case xmlab611] organs to process: 1

[Case xmlab611] organs to process: 1

[Case xmlab611] organs to process: 1

[Case xmlab611] organs to process: 1

[Case xmlab611] organs to process: 1

[Case xmlab612] organs to process: 1

[Case xmlab612] organs to process: 1

[Case xmlab612] organs to process: 1

[Case xmlab612] organs to process: 1

[Case xmlab612] organs to process: 1

[Case xmlab613] organs to process: 1

[Case xmlab613] organs to process: 1

[Case xmlab613] organs to process: 1

[Case xmlab613] organs to process: 1

[Case xmlab613] organs to process: 1

[Case xmlab614] organs to process: 1

[Case xmlab614] organs to process: 1

[Case xmlab614] organs to process: 1

[Case xmlab614] organs to process: 1

[Case xmlab614] organs to process: 1

[Case xmlab615] organs to process: 1

[Case xmlab615] organs to process: 1

[Case xmlab615] organs to process: 1

[Case xmlab615] organs to process: 1

[Case xmlab615] organs to process: 1

[Case xmlab616] organs to process: 1

[Case xmlab616] organs to process: 1

[Case xmlab616] organs to process: 1

[Case xmlab616] organs to process: 1

[Case xmlab616] organs to process: 1

[Case xmlab617] organs to process: 1

[Case xmlab617] organs to process: 1

[Case xmlab617] organs to process: 1

[Case xmlab617] organs to process: 1

[Case xmlab617] organs to process: 1

[Case xmlab618] organs to process: 1

[Case xmlab618] organs to process: 1

[Case xmlab618] organs to process: 1

[Case xmlab618] organs to process: 1

[Case xmlab618] organs to process: 1

[Case xmlab619] organs to process: 1

[Case xmlab619] organs to process: 1

[Case xmlab619] organs to process: 1

[Case xmlab619] organs to process: 1

[Case xmlab619] organs to process: 1

[Case xmlab619] organs to process: 1

[Case xmlab62] organs to process: 1

[Case xmlab62] organs to process: 1

[Case xmlab62] organs to process: 1

[Case xmlab620] organs to process: 1

[Case xmlab620] organs to process: 1

[Case xmlab620] organs to process: 1

[Case xmlab620] organs to process: 1

[Case xmlab620] organs to process: 1

[Case xmlab621] organs to process: 1

[Case xmlab621] organs to process: 1

[Case xmlab621] organs to process: 1

[Case xmlab621] organs to process: 1

[Case xmlab621] organs to process: 1

[Case xmlab622] organs to process: 1

[Case xmlab622] organs to process: 1

[Case xmlab622] organs to process: 1

[Case xmlab622] organs to process: 1

[Case xmlab623] organs to process: 1

[Case xmlab623] organs to process: 1

[Case xmlab623] organs to process: 1

[Case xmlab623] organs to process: 1

[Case xmlab624] organs to process: 1

[Case xmlab624] organs to process: 1

[Case xmlab624] organs to process: 1

[Case xmlab625] organs to process: 1

[Case xmlab625] organs to process: 1

[Case xmlab625] organs to process: 1

[Case xmlab626] organs to process: 1

[Case xmlab626] organs to process: 1

[Case xmlab626] organs to process: 1

[Case xmlab627] organs to process: 1

[Case xmlab627] organs to process: 1

[Case xmlab627] organs to process: 1

[Case xmlab628] organs to process: 1

[Case xmlab628] organs to process: 1

[Case xmlab629] organs to process: 1

[Case xmlab629] organs to process: 1

[Case xmlab63] organs to process: 1

[Case xmlab63] organs to process: 1

[Case xmlab63] organs to process: 1

[Case xmlab630] organs to process: 1

[Case xmlab630] organs to process: 1

[Case xmlab631] organs to process: 1

[Case xmlab631] organs to process: 1

[Case xmlab632] organs to process: 1

[Case xmlab632] organs to process: 1

[Case xmlab633] organs to process: 1

[Case xmlab633] organs to process: 1

[Case xmlab634] organs to process: 1

[Case xmlab634] organs to process: 1

[Case xmlab634] organs to process: 1

[Case xmlab635] organs to process: 1

[Case xmlab635] organs to process: 1

[Case xmlab635] organs to process: 1

[Case xmlab636] organs to process: 1

[Case xmlab636] organs to process: 1

[Case xmlab636] organs to process: 1

[Case xmlab637] organs to process: 1

[Case xmlab637] organs to process: 1

[Case xmlab637] organs to process: 1

[Case xmlab638] organs to process: 1

[Case xmlab638] organs to process: 1

[Case xmlab638] organs to process: 1

[Case xmlab639] organs to process: 1

[Case xmlab639] organs to process: 1

[Case xmlab639] organs to process: 1

[Case xmlab64] organs to process: 1

[Case xmlab64] organs to process: 1

[Case xmlab64] organs to process: 1

[Case xmlab640] organs to process: 1

[Case xmlab640] organs to process: 1

[Case xmlab640] organs to process: 1

[Case xmlab641] organs to process: 1

[Case xmlab641] organs to process: 1

[Case xmlab65] organs to process: 1

[Case xmlab65] organs to process: 1

[Case xmlab65] organs to process: 1

[Case xmlab66] organs to process: 1

[Case xmlab67] organs to process: 1

[Case xmlab68] organs to process: 1

[Case xmlab68] organs to process: 1

[Case xmlab68] organs to process: 1

[Case xmlab69] organs to process: 1

[Case xmlab69] organs to process: 1

[Case xmlab69] organs to process: 1

[Case xmlab7] organs to process: 1

[Case xmlab7] organs to process: 1

[Case xmlab7] organs to process: 1

[Case xmlab70] organs to process: 1

[Case xmlab70] organs to process: 1

[Case xmlab70] organs to process: 1

[Case xmlab72] organs to process: 1

[Case xmlab72] organs to process: 1

[Case xmlab73] organs to process: 1

[Case xmlab73] organs to process: 1

[Case xmlab73] organs to process: 1

[Case xmlab75] organs to process: 1

[Case xmlab75] organs to process: 1

[Case xmlab75] organs to process: 1

[Case xmlab76] organs to process: 1

[Case xmlab76] organs to process: 1

[Case xmlab8] organs to process: 1

[Case xmlab8] organs to process: 1

[Case xmlab80] organs to process: 1

[Case xmlab81] organs to process: 1

[Case xmlab87] organs to process: 1

[Case xmlab89] organs to process: 1

[Case xmlab9] organs to process: 1

[Case xmlab96] organs to process: 1

[Case xmlab97] organs to process: 1

[Done] Newly written: 0. Output: /scratch/xc1490/projects/medvqa_2025/output/grounding/glm4v_slake.jsonl
